[01m[K/home/automation/projec_ws/cppros2_projects/avoid_obstacle/src/find_way.cpp:[m[K In constructor â€˜[01m[KObstacle_Avoidance::Obstacle_Avoidance()[m[Kâ€™:
[01m[K/home/automation/projec_ws/cppros2_projects/avoid_obstacle/src/find_way.cpp:37:7:[m[K [01;31m[Kerror: [m[Kâ€˜[01m[Ksubscription_[m[Kâ€™ was not declared in this scope; did you mean â€˜[01m[Krmw_subscription_t[m[Kâ€™?
   37 |       [01;31m[Ksubscription_[m[K = this->create_subscription(
      |       [01;31m[K^~~~~~~~~~~~~[m[K
      |       [32m[Krmw_subscription_t[m[K
[01m[K/home/automation/projec_ws/cppros2_projects/avoid_obstacle/src/find_way.cpp:39:18:[m[K [01;31m[Kerror: [m[Kâ€˜[01m[KObstacleAvoidance[m[Kâ€™ has not been declared
   39 |       std::bind(&[01;31m[KObstacleAvoidance[m[K::topic_callback, this, _1));
      |                  [01;31m[K^~~~~~~~~~~~~~~~~[m[K
[01m[K/home/automation/projec_ws/cppros2_projects/avoid_obstacle/src/find_way.cpp:39:59:[m[K [01;31m[Kerror: [m[Kâ€˜[01m[K_1[m[Kâ€™ was not declared in this scope; did you mean â€˜[01m[Kstd::placeholders::_1[m[Kâ€™?
   39 |       std::bind(&ObstacleAvoidance::topic_callback, this, [01;31m[K_1[m[K));
      |                                                           [01;31m[K^~[m[K
      |                                                           [32m[Kstd::placeholders::_1[m[K
In file included from [01m[K/home/automation/projec_ws/cppros2_projects/avoid_obstacle/src/find_way.cpp:2[m[K:
[01m[K/usr/include/c++/11/functional:225:34:[m[K [01;36m[Knote: [m[Kâ€˜[01m[Kstd::placeholders::_1[m[Kâ€™ declared here
  225 |     extern const _Placeholder<1> [01;36m[K_1[m[K;
      |                                  [01;36m[K^~[m[K
gmake[2]: *** [CMakeFiles/find_way.dir/build.make:76: CMakeFiles/find_way.dir/src/find_way.cpp.o] Error 1
gmake[1]: *** [CMakeFiles/Makefile2:137: CMakeFiles/find_way.dir/all] Error 2
gmake: *** [Makefile:146: all] Error 2
