[35m[1mConsolidate compiler generated dependencies of target find_way[0m
[ 50%] [32mBuilding CXX object CMakeFiles/find_way.dir/src/find_way.cpp.o[0m
In file included from [01m[K/opt/ros/humble/include/rclcpp/rclcpp/logging.hpp:24[m[K,
                 from [01m[K/opt/ros/humble/include/rclcpp/rclcpp/client.hpp:40[m[K,
                 from [01m[K/opt/ros/humble/include/rclcpp/rclcpp/callback_group.hpp:23[m[K,
                 from [01m[K/opt/ros/humble/include/rclcpp/rclcpp/any_executable.hpp:20[m[K,
                 from [01m[K/opt/ros/humble/include/rclcpp/rclcpp/memory_strategy.hpp:25[m[K,
                 from [01m[K/opt/ros/humble/include/rclcpp/rclcpp/memory_strategies.hpp:18[m[K,
                 from [01m[K/opt/ros/humble/include/rclcpp/rclcpp/executor_options.hpp:20[m[K,
                 from [01m[K/opt/ros/humble/include/rclcpp/rclcpp/executor.hpp:37[m[K,
                 from [01m[K/opt/ros/humble/include/rclcpp/rclcpp/executors/multi_threaded_executor.hpp:25[m[K,
                 from [01m[K/opt/ros/humble/include/rclcpp/rclcpp/executors.hpp:21[m[K,
                 from [01m[K/opt/ros/humble/include/rclcpp/rclcpp/rclcpp.hpp:155[m[K,
                 from [01m[K/home/automation/projec_ws/cppros2_projects/avoid_obstacle/src/find_way.cpp:6[m[K:
[01m[K/home/automation/projec_ws/cppros2_projects/avoid_obstacle/src/find_way.cpp:[m[K In member function â€˜[01m[Kgeometry_msgs::msg::Twist Obstacle_Avoidance::calculateVelMsg()[m[Kâ€™:
[01m[K/home/automation/projec_ws/cppros2_projects/avoid_obstacle/src/find_way.cpp:35:58:[m[K [01;31m[Kerror: [m[Kâ€˜[01m[Kdistance[m[Kâ€™ was not declared in this scope; did you mean â€˜[01m[Kstd::distance[m[Kâ€™?
   35 |     RCLCPP_INFO(this->get_logger(), "Distance is: '%f'", [01;31m[Kdistance[m[K);
      |                                                          [01;31m[K^~~~~~~~[m[K
In file included from [01m[K/usr/include/c++/11/bits/stl_algobase.h:66[m[K,
                 from [01m[K/usr/include/c++/11/array:40[m[K,
                 from [01m[K/usr/include/c++/11/tuple:39[m[K,
                 from [01m[K/usr/include/c++/11/functional:54[m[K,
                 from [01m[K/home/automation/projec_ws/cppros2_projects/avoid_obstacle/src/find_way.cpp:2[m[K:
[01m[K/usr/include/c++/11/bits/stl_iterator_base_funcs.h:138:5:[m[K [01;36m[Knote: [m[Kâ€˜[01m[Kstd::distance[m[Kâ€™ declared here
  138 |     [01;36m[Kdistance[m[K(_InputIterator __first, _InputIterator __last)
      |     [01;36m[K^~~~~~~~[m[K
[01m[K/home/automation/projec_ws/cppros2_projects/avoid_obstacle/src/find_way.cpp:36:9:[m[K [01;31m[Kerror: [m[Kâ€˜[01m[Kdistance[m[Kâ€™ was not declared in this scope; did you mean â€˜[01m[Kstd::distance[m[Kâ€™?
   36 |     if ([01;31m[Kdistance[m[K < 1) {
      |         [01;31m[K^~~~~~~~[m[K
      |         [32m[Kstd::distance[m[K
In file included from [01m[K/usr/include/c++/11/bits/stl_algobase.h:66[m[K,
                 from [01m[K/usr/include/c++/11/array:40[m[K,
                 from [01m[K/usr/include/c++/11/tuple:39[m[K,
                 from [01m[K/usr/include/c++/11/functional:54[m[K,
                 from [01m[K/home/automation/projec_ws/cppros2_projects/avoid_obstacle/src/find_way.cpp:2[m[K:
[01m[K/usr/include/c++/11/bits/stl_iterator_base_funcs.h:138:5:[m[K [01;36m[Knote: [m[Kâ€˜[01m[Kstd::distance[m[Kâ€™ declared here
  138 |     [01;36m[Kdistance[m[K(_InputIterator __first, _InputIterator __last)
      |     [01;36m[K^~~~~~~~[m[K
gmake[2]: *** [CMakeFiles/find_way.dir/build.make:76: CMakeFiles/find_way.dir/src/find_way.cpp.o] Error 1
gmake[1]: *** [CMakeFiles/Makefile2:137: CMakeFiles/find_way.dir/all] Error 2
gmake: *** [Makefile:146: all] Error 2
