[0.167s] Invoking command in '/home/automation/projec_ws/cppros2_projects/avoid_obstacle/build/avoid_obstacle': CMAKE_PREFIX_PATH=${CMAKE_PREFIX_PATH}:/home/automation/projec_ws/ros2Projects/install/ros2_teleop_keyboard:/home/automation/projec_ws/ros2Projects/install/obstacle_avoidance:/home/automation/projec_ws/ros2Projects/install/blink_publisher:/home/automation/projec_ws/ros2Projects/install/WirelessRangeEstimator:/opt/ros/humble /usr/bin/cmake --build /home/automation/projec_ws/cppros2_projects/avoid_obstacle/build/avoid_obstacle -- -j2 -l2
[0.675s] [35m[1mConsolidate compiler generated dependencies of target find_way[0m
[0.804s] [ 50%] [32mBuilding CXX object CMakeFiles/find_way.dir/src/find_way.cpp.o[0m
[20.012s] [01m[K/home/automation/projec_ws/cppros2_projects/avoid_obstacle/src/find_way.cpp:[m[K In constructor â€˜[01m[KObstacle_Avoidance::Obstacle_Avoidance()[m[Kâ€™:
[20.040s] [01m[K/home/automation/projec_ws/cppros2_projects/avoid_obstacle/src/find_way.cpp:37:51:[m[K [01;31m[Kerror: [m[Kâ€˜[01m[Ktopic_callback[m[Kâ€™ is not a member of â€˜[01m[KObstacle_Avoidance[m[Kâ€™
[20.041s]    37 |       "topic", 10, std::bind(&Obstacle_Avoidance::[01;31m[Ktopic_callback[m[K, this, _1));
[20.042s]       |                                                   [01;31m[K^~~~~~~~~~~~~~[m[K
[20.045s] [01m[K/home/automation/projec_ws/cppros2_projects/avoid_obstacle/src/find_way.cpp:37:73:[m[K [01;31m[Kerror: [m[Kâ€˜[01m[K_1[m[Kâ€™ was not declared in this scope; did you mean â€˜[01m[Kstd::placeholders::_1[m[Kâ€™?
[20.045s]    37 |       "topic", 10, std::bind(&Obstacle_Avoidance::topic_callback, this, [01;31m[K_1[m[K));
[20.046s]       |                                                                         [01;31m[K^~[m[K
[20.053s]       |                                                                         [32m[Kstd::placeholders::_1[m[K
[20.053s] In file included from [01m[K/home/automation/projec_ws/cppros2_projects/avoid_obstacle/src/find_way.cpp:2[m[K:
[20.054s] [01m[K/usr/include/c++/11/functional:225:34:[m[K [01;36m[Knote: [m[Kâ€˜[01m[Kstd::placeholders::_1[m[Kâ€™ declared here
[20.054s]   225 |     extern const _Placeholder<1> [01;36m[K_1[m[K;
[20.055s]       |                                  [01;36m[K^~[m[K
[20.076s] [01m[K/home/automation/projec_ws/cppros2_projects/avoid_obstacle/src/find_way.cpp:[m[K In member function â€˜[01m[Kvoid Obstacle_Avoidance::timer_callback()[m[Kâ€™:
[20.076s] [01m[K/home/automation/projec_ws/cppros2_projects/avoid_obstacle/src/find_way.cpp:49:7:[m[K [01;31m[Kerror: [m[Kâ€˜[01m[Kpublisher_[m[Kâ€™ was not declared in this scope; did you mean â€˜[01m[Krmw_publisher_t[m[Kâ€™?
[20.077s]    49 |       [01;31m[Kpublisher_[m[K->publish(message);
[20.077s]       |       [01;31m[K^~~~~~~~~~[m[K
[20.077s]       |       [32m[Krmw_publisher_t[m[K
[24.831s] gmake[2]: *** [CMakeFiles/find_way.dir/build.make:76: CMakeFiles/find_way.dir/src/find_way.cpp.o] Error 1
[24.875s] gmake[1]: *** [CMakeFiles/Makefile2:137: CMakeFiles/find_way.dir/all] Error 2
[24.899s] gmake: *** [Makefile:146: all] Error 2
[25.440s] Invoked command in '/home/automation/projec_ws/cppros2_projects/avoid_obstacle/build/avoid_obstacle' returned '2': CMAKE_PREFIX_PATH=${CMAKE_PREFIX_PATH}:/home/automation/projec_ws/ros2Projects/install/ros2_teleop_keyboard:/home/automation/projec_ws/ros2Projects/install/obstacle_avoidance:/home/automation/projec_ws/ros2Projects/install/blink_publisher:/home/automation/projec_ws/ros2Projects/install/WirelessRangeEstimator:/opt/ros/humble /usr/bin/cmake --build /home/automation/projec_ws/cppros2_projects/avoid_obstacle/build/avoid_obstacle -- -j2 -l2
