[0.201s] Invoking command in '/home/automation/projec_ws/cppros2_projects/avoid_obstacle/build/avoid_obstacle': CMAKE_PREFIX_PATH=/home/automation/projec_ws/ros2Projects/install/ros2_teleop_keyboard:/home/automation/projec_ws/ros2Projects/install/obstacle_avoidance:/home/automation/projec_ws/ros2Projects/install/blink_publisher:/home/automation/projec_ws/ros2Projects/install/WirelessRangeEstimator:/opt/ros/humble /usr/bin/cmake --build /home/automation/projec_ws/cppros2_projects/avoid_obstacle/build/avoid_obstacle -- -j2 -l2
[1.088s] [35m[1mConsolidate compiler generated dependencies of target find_way[0m
[1.210s] [ 50%] [32mBuilding CXX object CMakeFiles/find_way.dir/src/find_way.cpp.o[0m
[18.137s] [01m[K/home/automation/projec_ws/cppros2_projects/avoid_obstacle/src/find_way.cpp:49:32:[m[K [01;31m[Kerror: [m[Kredeclaration of â€˜[01m[Krclcpp::TimerBase::SharedPtr Obstacle_Avoidance::timer_[m[Kâ€™
[18.180s]    49 |   rclcpp::TimerBase::SharedPtr [01;31m[Ktimer_[m[K;
[18.181s]       |                                [01;31m[K^~~~~~[m[K
[18.181s] [01m[K/home/automation/projec_ws/cppros2_projects/avoid_obstacle/src/find_way.cpp:30:34:[m[K [01;36m[Knote: [m[Kprevious declaration â€˜[01m[Krclcpp::TimerBase::SharedPtr Obstacle_Avoidance::timer_[m[Kâ€™
[18.183s]    30 |     rclcpp::TimerBase::SharedPtr [01;36m[Ktimer_[m[K;
[18.184s]       |                                  [01;36m[K^~~~~~[m[K
[18.186s] [01m[K/home/automation/projec_ws/cppros2_projects/avoid_obstacle/src/find_way.cpp:50:36:[m[K [01;31m[Kerror: [m[Kâ€˜[01m[KString[m[Kâ€™ is not a member of â€˜[01m[Kstd_msgs::msg[m[Kâ€™
[18.189s]    50 |   rclcpp::Publisher<std_msgs::msg::[01;31m[KString[m[K>::SharedPtr publisher_;
[18.189s]       |                                    [01;31m[K^~~~~~[m[K
[18.196s] [01m[K/home/automation/projec_ws/cppros2_projects/avoid_obstacle/src/find_way.cpp:50:42:[m[K [01;31m[Kerror: [m[Ktemplate argument 1 is invalid
[18.198s]    50 |   rclcpp::Publisher<std_msgs::msg::String[01;31m[K>[m[K::SharedPtr publisher_;
[18.198s]       |                                          [01;31m[K^[m[K
[18.199s] [01m[K/home/automation/projec_ws/cppros2_projects/avoid_obstacle/src/find_way.cpp:50:45:[m[K [01;31m[Kerror: [m[Kexpected â€˜[01m[K;[m[Kâ€™ at end of member declaration
[18.200s]    50 |   rclcpp::Publisher<std_msgs::msg::String>::[01;31m[KSharedPtr[m[K publisher_;
[18.201s]       |                                             [01;31m[K^~~~~~~~~[m[K
[18.201s]       |                                                      [32m[K;[m[K
[18.202s] [01m[K/home/automation/projec_ws/cppros2_projects/avoid_obstacle/src/find_way.cpp:50:55:[m[K [01;31m[Kerror: [m[Kâ€˜[01m[Kpublisher_[m[Kâ€™ does not name a type; did you mean â€˜[01m[Krmw_publisher_t[m[Kâ€™?
[18.203s]    50 |   rclcpp::Publisher<std_msgs::msg::String>::SharedPtr [01;31m[Kpublisher_[m[K;
[18.213s]       |                                                       [01;31m[K^~~~~~~~~~[m[K
[18.214s]       |                                                       [32m[Krmw_publisher_t[m[K
[18.216s] [01m[K/home/automation/projec_ws/cppros2_projects/avoid_obstacle/src/find_way.cpp:51:10:[m[K [01;31m[Kerror: [m[Kredeclaration of â€˜[01m[Ksize_t Obstacle_Avoidance::count_[m[Kâ€™
[18.220s]    51 |   size_t [01;31m[Kcount_[m[K;
[18.227s]       |          [01;31m[K^~~~~~[m[K
[18.227s] [01m[K/home/automation/projec_ws/cppros2_projects/avoid_obstacle/src/find_way.cpp:32:12:[m[K [01;36m[Knote: [m[Kprevious declaration â€˜[01m[Ksize_t Obstacle_Avoidance::count_[m[Kâ€™
[18.228s]    32 |     size_t [01;36m[Kcount_[m[K;
[18.228s]       |            [01;36m[K^~~~~~[m[K
[18.228s] [01m[K/home/automation/projec_ws/cppros2_projects/avoid_obstacle/src/find_way.cpp:[m[K In constructor â€˜[01m[KObstacle_Avoidance::Obstacle_Avoidance()[m[Kâ€™:
[18.237s] [01m[K/home/automation/projec_ws/cppros2_projects/avoid_obstacle/src/find_way.cpp:18:58:[m[K [01;31m[Kerror: [m[Kâ€˜[01m[KTwist[m[Kâ€™ is not a member of â€˜[01m[Kstd_msgs::msg[m[Kâ€™; did you mean â€˜[01m[Kgeometry_msgs::msg::Twist[m[Kâ€™?
[18.237s]    18 |       publisher_ = this->create_publisher<std_msgs::msg::[01;31m[KTwist[m[K>("cmd_vel", 10);
[18.237s]       |                                                          [01;31m[K^~~~~[m[K
[18.238s] In file included from [01m[K/opt/ros/humble/include/geometry_msgs/geometry_msgs/msg/twist.hpp:7[m[K,
[18.238s]                  from [01m[K/home/automation/projec_ws/cppros2_projects/avoid_obstacle/src/find_way.cpp:5[m[K:
[18.238s] [01m[K/opt/ros/humble/include/geometry_msgs/geometry_msgs/msg/detail/twist__struct.hpp:134:7:[m[K [01;36m[Knote: [m[Kâ€˜[01m[Kgeometry_msgs::msg::Twist[m[Kâ€™ declared here
[18.241s]   134 | using [01;36m[KTwist[m[K =
[18.242s]       |       [01;36m[K^~~~~[m[K
[18.243s] [01m[K/home/automation/projec_ws/cppros2_projects/avoid_obstacle/src/find_way.cpp:18:64:[m[K [01;31m[Kerror: [m[Kno matching function for call to â€˜[01m[KObstacle_Avoidance::create_publisher<<expression error> >(const char [8], int)[m[Kâ€™
[18.243s]    18 |       publisher_ = [01;31m[Kthis->create_publisher<std_msgs::msg::Twist>("cmd_vel", 10)[m[K;
[18.243s]       |                    [01;31m[K~~~~~~~~~~~~~~~~~~~~~~~~~~~~~~~~~~~~~~~~~~~~^~~~~~~~~~~~~~~[m[K
[18.244s] In file included from [01m[K/opt/ros/humble/include/rclcpp/rclcpp/executors/single_threaded_executor.hpp:28[m[K,
[18.244s]                  from [01m[K/opt/ros/humble/include/rclcpp/rclcpp/executors.hpp:22[m[K,
[18.244s]                  from [01m[K/opt/ros/humble/include/rclcpp/rclcpp/rclcpp.hpp:155[m[K,
[18.244s]                  from [01m[K/home/automation/projec_ws/cppros2_projects/avoid_obstacle/src/find_way.cpp:6[m[K:
[18.245s] [01m[K/opt/ros/humble/include/rclcpp/rclcpp/node.hpp:195:3:[m[K [01;36m[Knote: [m[Kcandidate: â€˜[01m[Ktemplate<class MessageT, class AllocatorT, class PublisherT> std::shared_ptr<PublisherT> rclcpp::Node::create_publisher(const string&, const rclcpp::QoS&, const rclcpp::PublisherOptionsWithAllocator<AllocatorT>&)[m[Kâ€™
[18.245s]   195 |   [01;36m[Kcreate_publisher[m[K(
[18.245s]       |   [01;36m[K^~~~~~~~~~~~~~~~[m[K
[18.245s] [01m[K/opt/ros/humble/include/rclcpp/rclcpp/node.hpp:195:3:[m[K [01;36m[Knote: [m[K  template argument deduction/substitution failed:
[18.246s] [01m[K/home/automation/projec_ws/cppros2_projects/avoid_obstacle/src/find_way.cpp:18:64:[m[K [01;31m[Kerror: [m[Ktemplate argument 1 is invalid
[18.246s]    18 |       publisher_ = [01;31m[Kthis->create_publisher<std_msgs::msg::Twist>("cmd_vel", 10)[m[K;
[18.246s]       |                    [01;31m[K~~~~~~~~~~~~~~~~~~~~~~~~~~~~~~~~~~~~~~~~~~~~^~~~~~~~~~~~~~~[m[K
[18.310s] [01m[K/home/automation/projec_ws/cppros2_projects/avoid_obstacle/src/find_way.cpp:[m[K In member function â€˜[01m[Kvoid Obstacle_Avoidance::timer_callback()[m[Kâ€™:
[18.310s] [01m[K/home/automation/projec_ws/cppros2_projects/avoid_obstacle/src/find_way.cpp:27:44:[m[K [01;31m[Kerror: [m[Kâ€˜[01m[Kmin[m[Kâ€™ was not declared in this scope; did you mean â€˜[01m[Kstd::min[m[Kâ€™?
[18.311s]    27 |       auto message = this->calculateVelMsg([01;31m[Kmin[m[K);
[18.311s]       |                                            [01;31m[K^~~[m[K
[18.311s]       |                                            [32m[Kstd::min[m[K
[18.334s] In file included from [01m[K/usr/include/c++/11/functional:65[m[K,
[18.334s]                  from [01m[K/home/automation/projec_ws/cppros2_projects/avoid_obstacle/src/find_way.cpp:2[m[K:
[18.334s] [01m[K/usr/include/c++/11/bits/stl_algo.h:3455:5:[m[K [01;36m[Knote: [m[Kâ€˜[01m[Kstd::min[m[Kâ€™ declared here
[18.335s]  3455 |     [01;36m[Kmin[m[K(initializer_list<_Tp> __l, _Compare __comp)
[18.335s]       |     [01;36m[K^~~[m[K
[21.303s] gmake[2]: *** [CMakeFiles/find_way.dir/build.make:76: CMakeFiles/find_way.dir/src/find_way.cpp.o] Error 1
[21.334s] gmake[1]: *** [CMakeFiles/Makefile2:137: CMakeFiles/find_way.dir/all] Error 2
[21.358s] gmake: *** [Makefile:146: all] Error 2
[21.878s] Invoked command in '/home/automation/projec_ws/cppros2_projects/avoid_obstacle/build/avoid_obstacle' returned '2': CMAKE_PREFIX_PATH=/home/automation/projec_ws/ros2Projects/install/ros2_teleop_keyboard:/home/automation/projec_ws/ros2Projects/install/obstacle_avoidance:/home/automation/projec_ws/ros2Projects/install/blink_publisher:/home/automation/projec_ws/ros2Projects/install/WirelessRangeEstimator:/opt/ros/humble /usr/bin/cmake --build /home/automation/projec_ws/cppros2_projects/avoid_obstacle/build/avoid_obstacle -- -j2 -l2
