-- The C compiler identification is GNU 11.3.0
-- The CXX compiler identification is GNU 11.3.0
-- Detecting C compiler ABI info
-- Detecting C compiler ABI info - done
-- Check for working C compiler: /usr/bin/cc - skipped
-- Detecting C compile features
-- Detecting C compile features - done
-- Detecting CXX compiler ABI info
-- Detecting CXX compiler ABI info - done
-- Check for working CXX compiler: /usr/bin/c++ - skipped
-- Detecting CXX compile features
-- Detecting CXX compile features - done
-- Found ament_cmake: 1.3.3 (/opt/ros/humble/share/ament_cmake/cmake)
-- Found Python3: /usr/bin/python3.10 (found version "3.10.6") found components: Interpreter 
-- Found rclcpp: 16.0.2 (/opt/ros/humble/share/rclcpp/cmake)
-- Found rosidl_generator_c: 3.1.4 (/opt/ros/humble/share/rosidl_generator_c/cmake)
-- Found rosidl_adapter: 3.1.4 (/opt/ros/humble/share/rosidl_adapter/cmake)
-- Found rosidl_generator_cpp: 3.1.4 (/opt/ros/humble/share/rosidl_generator_cpp/cmake)
-- Using all available rosidl_typesupport_c: rosidl_typesupport_fastrtps_c;rosidl_typesupport_introspection_c
-- Using all available rosidl_typesupport_cpp: rosidl_typesupport_fastrtps_cpp;rosidl_typesupport_introspection_cpp
-- Found rmw_implementation_cmake: 6.1.1 (/opt/ros/humble/share/rmw_implementation_cmake/cmake)
-- Found rmw_fastrtps_cpp: 6.2.2 (/opt/ros/humble/share/rmw_fastrtps_cpp/cmake)
-- Found OpenSSL: /usr/lib/x86_64-linux-gnu/libcrypto.so (found version "3.0.2")  
-- Found FastRTPS: /opt/ros/humble/include  
-- Using RMW implementation 'rmw_fastrtps_cpp' as default
-- Looking for pthread.h
-- Looking for pthread.h - found
-- Performing Test CMAKE_HAVE_LIBC_PTHREAD
-- Performing Test CMAKE_HAVE_LIBC_PTHREAD - Success
-- Found Threads: TRUE  
-- Found geometry_msgs: 4.2.2 (/opt/ros/humble/share/geometry_msgs/cmake)
-- Found sensor_msgs: 4.2.2 (/opt/ros/humble/share/sensor_msgs/cmake)
-- Found ament_lint_auto: 0.12.4 (/opt/ros/humble/share/ament_lint_auto/cmake)
-- Added test 'cppcheck' to perform static code analysis on C / C++ code
-- Configured cppcheck include dirs: $<BUILD_INTERFACE:/home/automation/projec_ws/cppros2_projects/avoid_obstacle/include>
-- Configured cppcheck exclude dirs and/or files: 
-- Added test 'lint_cmake' to check CMake code style
-- Added test 'uncrustify' to check C / C++ code style
-- Configured uncrustify additional arguments: 
-- Added test 'xmllint' to check XML markup files
-- Configuring done
-- Generating done
-- Build files have been written to: /home/automation/projec_ws/cppros2_projects/avoid_obstacle/build/avoid_obstacle
[ 50%] [32mBuilding CXX object CMakeFiles/find_way.dir/src/find_way.cpp.o[0m
[01m[K/home/automation/projec_ws/cppros2_projects/avoid_obstacle/src/find_way.cpp:44:3:[m[K [01;31m[Kerror: [m[Kinvalid use of template-name â€˜[01m[Krclcpp::Publisher[m[Kâ€™ without an argument list
   44 |   [01;31m[Krclcpp[m[K::Publisher::SharedPtr publisher_;
      |   [01;31m[K^~~~~~[m[K
[01m[K/home/automation/projec_ws/cppros2_projects/avoid_obstacle/src/find_way.cpp:44:22:[m[K [01;31m[Kerror: [m[Kexpected â€˜[01m[K;[m[Kâ€™ at end of member declaration
   44 |   rclcpp::Publisher::[01;31m[KSharedPtr[m[K publisher_;
      |                      [01;31m[K^~~~~~~~~[m[K
      |                               [32m[K;[m[K
[01m[K/home/automation/projec_ws/cppros2_projects/avoid_obstacle/src/find_way.cpp:44:32:[m[K [01;31m[Kerror: [m[Kâ€˜[01m[Kpublisher_[m[Kâ€™ does not name a type; did you mean â€˜[01m[Krmw_publisher_t[m[Kâ€™?
   44 |   rclcpp::Publisher::SharedPtr [01;31m[Kpublisher_[m[K;
      |                                [01;31m[K^~~~~~~~~~[m[K
      |                                [32m[Krmw_publisher_t[m[K
[01m[K/home/automation/projec_ws/cppros2_projects/avoid_obstacle/src/find_way.cpp:45:3:[m[K [01;31m[Kerror: [m[Kinvalid use of template-name â€˜[01m[Krclcpp::Subscription[m[Kâ€™ without an argument list
   45 |   [01;31m[Krclcpp[m[K::Subscription::SharedPtr subscription_;
      |   [01;31m[K^~~~~~[m[K
[01m[K/home/automation/projec_ws/cppros2_projects/avoid_obstacle/src/find_way.cpp:45:25:[m[K [01;31m[Kerror: [m[Kexpected â€˜[01m[K;[m[Kâ€™ at end of member declaration
   45 |   rclcpp::Subscription::[01;31m[KSharedPtr[m[K subscription_;
      |                         [01;31m[K^~~~~~~~~[m[K
      |                                  [32m[K;[m[K
[01m[K/home/automation/projec_ws/cppros2_projects/avoid_obstacle/src/find_way.cpp:45:35:[m[K [01;31m[Kerror: [m[Kâ€˜[01m[Ksubscription_[m[Kâ€™ does not name a type; did you mean â€˜[01m[Krmw_subscription_t[m[Kâ€™?
   45 |   rclcpp::Subscription::SharedPtr [01;31m[Ksubscription_[m[K;
      |                                   [01;31m[K^~~~~~~~~~~~~[m[K
      |                                   [32m[Krmw_subscription_t[m[K
[01m[K/home/automation/projec_ws/cppros2_projects/avoid_obstacle/src/find_way.cpp:[m[K In constructor â€˜[01m[KObstacleAvoidance::ObstacleAvoidance()[m[Kâ€™:
[01m[K/home/automation/projec_ws/cppros2_projects/avoid_obstacle/src/find_way.cpp:12:5:[m[K [01;31m[Kerror: [m[Kâ€˜[01m[Ksubscription_[m[Kâ€™ was not declared in this scope; did you mean â€˜[01m[Krmw_subscription_t[m[Kâ€™?
   12 |     [01;31m[Ksubscription_[m[K = this->create_subscription(
      |     [01;31m[K^~~~~~~~~~~~~[m[K
      |     [32m[Krmw_subscription_t[m[K
[01m[K/home/automation/projec_ws/cppros2_projects/avoid_obstacle/src/find_way.cpp:12:46:[m[K [01;31m[Kerror: [m[Kno matching function for call to â€˜[01m[KObstacleAvoidance::create_subscription(const char [11], rclcpp::QoS&, std::_Bind_helper<false, void (ObstacleAvoidance::*)(std::shared_ptr<sensor_msgs::msg::LaserScan_<std::allocator<void> > >), ObstacleAvoidance*, const std::_Placeholder<1>&>::type)[m[Kâ€™
   12 |     subscription_ = [01;31m[Kthis->create_subscription([m[K
      |                     [01;31m[K~~~~~~~~~~~~~~~~~~~~~~~~~^[m[K
   13 | [01;31m[K        "laser_scan", default_qos,[m[K
      |         [01;31m[K~~~~~~~~~~~~~~~~~~~~~~~~~~[m[K            
   14 | [01;31m[K        std::bind(&ObstacleAvoidance::topic_callback, this, _1))[m[K;
      |         [01;31m[K~~~~~~~~~~~~~~~~~~~~~~~~~~~~~~~~~~~~~~~~~~~~~~~~~~~~~~~~[m[K
In file included from [01m[K/opt/ros/humble/include/rclcpp/rclcpp/executors/single_threaded_executor.hpp:28[m[K,
                 from [01m[K/opt/ros/humble/include/rclcpp/rclcpp/executors.hpp:22[m[K,
                 from [01m[K/opt/ros/humble/include/rclcpp/rclcpp/rclcpp.hpp:155[m[K,
                 from [01m[K/home/automation/projec_ws/cppros2_projects/avoid_obstacle/src/find_way.cpp:2[m[K:
[01m[K/opt/ros/humble/include/rclcpp/rclcpp/node.hpp:219:3:[m[K [01;36m[Knote: [m[Kcandidate: â€˜[01m[Ktemplate<class MessageT, class CallbackT, class AllocatorT, class SubscriptionT, class MessageMemoryStrategyT> std::shared_ptr<ROSMessageT> rclcpp::Node::create_subscription(const string&, const rclcpp::QoS&, CallbackT&&, const rclcpp::SubscriptionOptionsWithAllocator<AllocatorT>&, typename MessageMemoryStrategyT::SharedPtr)[m[Kâ€™
  219 |   [01;36m[Kcreate_subscription[m[K(
      |   [01;36m[K^~~~~~~~~~~~~~~~~~~[m[K
[01m[K/opt/ros/humble/include/rclcpp/rclcpp/node.hpp:219:3:[m[K [01;36m[Knote: [m[K  template argument deduction/substitution failed:
[01m[K/home/automation/projec_ws/cppros2_projects/avoid_obstacle/src/find_way.cpp:12:46:[m[K [01;36m[Knote: [m[K  couldnâ€™t deduce template parameter â€˜[01m[KMessageT[m[Kâ€™
   12 |     subscription_ = [01;36m[Kthis->create_subscription([m[K
      |                     [01;36m[K~~~~~~~~~~~~~~~~~~~~~~~~~^[m[K
   13 | [01;36m[K        "laser_scan", default_qos,[m[K
      |         [01;36m[K~~~~~~~~~~~~~~~~~~~~~~~~~~[m[K            
   14 | [01;36m[K        std::bind(&ObstacleAvoidance::topic_callback, this, _1))[m[K;
      |         [01;36m[K~~~~~~~~~~~~~~~~~~~~~~~~~~~~~~~~~~~~~~~~~~~~~~~~~~~~~~~~[m[K
[01m[K/home/automation/projec_ws/cppros2_projects/avoid_obstacle/src/find_way.cpp:15:5:[m[K [01;31m[Kerror: [m[Kâ€˜[01m[Kpublisher_[m[Kâ€™ was not declared in this scope; did you mean â€˜[01m[Krmw_publisher_t[m[Kâ€™?
   15 |     [01;31m[Kpublisher_[m[K =
      |     [01;31m[K^~~~~~~~~~[m[K
      |     [32m[Krmw_publisher_t[m[K
[01m[K/home/automation/projec_ws/cppros2_projects/avoid_obstacle/src/find_way.cpp:16:31:[m[K [01;31m[Kerror: [m[Kno matching function for call to â€˜[01m[KObstacleAvoidance::create_publisher(const char [8], int)[m[Kâ€™
   16 |         [01;31m[Kthis->create_publisher("cmd_vel", 10)[m[K;
      |         [01;31m[K~~~~~~~~~~~~~~~~~~~~~~^~~~~~~~~~~~~~~[m[K
In file included from [01m[K/opt/ros/humble/include/rclcpp/rclcpp/executors/single_threaded_executor.hpp:28[m[K,
                 from [01m[K/opt/ros/humble/include/rclcpp/rclcpp/executors.hpp:22[m[K,
                 from [01m[K/opt/ros/humble/include/rclcpp/rclcpp/rclcpp.hpp:155[m[K,
                 from [01m[K/home/automation/projec_ws/cppros2_projects/avoid_obstacle/src/find_way.cpp:2[m[K:
[01m[K/opt/ros/humble/include/rclcpp/rclcpp/node.hpp:195:3:[m[K [01;36m[Knote: [m[Kcandidate: â€˜[01m[Ktemplate<class MessageT, class AllocatorT, class PublisherT> std::shared_ptr<PublisherT> rclcpp::Node::create_publisher(const string&, const rclcpp::QoS&, const rclcpp::PublisherOptionsWithAllocator<AllocatorT>&)[m[Kâ€™
  195 |   [01;36m[Kcreate_publisher[m[K(
      |   [01;36m[K^~~~~~~~~~~~~~~~[m[K
[01m[K/opt/ros/humble/include/rclcpp/rclcpp/node.hpp:195:3:[m[K [01;36m[Knote: [m[K  template argument deduction/substitution failed:
[01m[K/home/automation/projec_ws/cppros2_projects/avoid_obstacle/src/find_way.cpp:16:31:[m[K [01;36m[Knote: [m[K  couldnâ€™t deduce template parameter â€˜[01m[KMessageT[m[Kâ€™
   16 |         [01;36m[Kthis->create_publisher("cmd_vel", 10)[m[K;
      |         [01;36m[K~~~~~~~~~~~~~~~~~~~~~~^~~~~~~~~~~~~~~[m[K
[01m[K/home/automation/projec_ws/cppros2_projects/avoid_obstacle/src/find_way.cpp:[m[K In member function â€˜[01m[Kvoid ObstacleAvoidance::topic_callback(sensor_msgs::msg::LaserScan_<std::allocator<void> >::SharedPtr)[m[Kâ€™:
[01m[K/home/automation/projec_ws/cppros2_projects/avoid_obstacle/src/find_way.cpp:27:5:[m[K [01;31m[Kerror: [m[Kâ€˜[01m[Kpublisher_[m[Kâ€™ was not declared in this scope; did you mean â€˜[01m[Krmw_publisher_t[m[Kâ€™?
   27 |     [01;31m[Kpublisher_[m[K->publish(message);
      |     [01;31m[K^~~~~~~~~~[m[K
      |     [32m[Krmw_publisher_t[m[K
[01m[K/home/automation/projec_ws/cppros2_projects/avoid_obstacle/src/find_way.cpp:[m[K In function â€˜[01m[Kint main(int, char**)[m[Kâ€™:
[01m[K/home/automation/projec_ws/cppros2_projects/avoid_obstacle/src/find_way.cpp:50:32:[m[K [01;31m[Kerror: [m[Kno matching function for call to â€˜[01m[Kmake_shared()[m[Kâ€™
   50 |   rclcpp::spin([01;31m[Kstd::make_shared()[m[K);
      |                [01;31m[K~~~~~~~~~~~~~~~~^~[m[K
In file included from [01m[K/usr/include/c++/11/memory:77[m[K,
                 from [01m[K/opt/ros/humble/include/geometry_msgs/geometry_msgs/msg/detail/twist__struct.hpp:10[m[K,
                 from [01m[K/opt/ros/humble/include/geometry_msgs/geometry_msgs/msg/twist.hpp:7[m[K,
                 from [01m[K/home/automation/projec_ws/cppros2_projects/avoid_obstacle/src/find_way.cpp:1[m[K:
[01m[K/usr/include/c++/11/bits/shared_ptr.h:875:5:[m[K [01;36m[Knote: [m[Kcandidate: â€˜[01m[Ktemplate<class _Tp, class ... _Args> std::shared_ptr<_Tp> std::make_shared(_Args&& ...)[m[Kâ€™
  875 |     [01;36m[Kmake_shared[m[K(_Args&&... __args)
      |     [01;36m[K^~~~~~~~~~~[m[K
[01m[K/usr/include/c++/11/bits/shared_ptr.h:875:5:[m[K [01;36m[Knote: [m[K  template argument deduction/substitution failed:
[01m[K/home/automation/projec_ws/cppros2_projects/avoid_obstacle/src/find_way.cpp:50:32:[m[K [01;36m[Knote: [m[K  couldnâ€™t deduce template parameter â€˜[01m[K_Tp[m[Kâ€™
   50 |   rclcpp::spin([01;36m[Kstd::make_shared()[m[K);
      |                [01;36m[K~~~~~~~~~~~~~~~~^~[m[K
gmake[2]: *** [CMakeFiles/find_way.dir/build.make:76: CMakeFiles/find_way.dir/src/find_way.cpp.o] Error 1
gmake[1]: *** [CMakeFiles/Makefile2:137: CMakeFiles/find_way.dir/all] Error 2
gmake: *** [Makefile:146: all] Error 2
