[35m[1mConsolidate compiler generated dependencies of target find_way[0m
[ 50%] [32mBuilding CXX object CMakeFiles/find_way.dir/src/find_way.cpp.o[0m
[01m[K/home/automation/projec_ws/cppros2_projects/avoid_obstacle/src/find_way.cpp:86:39:[m[K [01;31m[Kerror: [m[Kâ€˜[01m[KFloat[m[Kâ€™ is not a member of â€˜[01m[Kstd_msgs::msg[m[Kâ€™; did you mean â€˜[01m[KFloat32[m[Kâ€™?
   86 |   rclcpp::Subscription<std_msgs::msg::[01;31m[KInt32[m[K>::SharedPtr stop_or_move_subscription_;
      |                                       [01;31m[K^~~~~[m[K
      |                                       [32m[KFloat32[m[K
[01m[K/home/automation/projec_ws/cppros2_projects/avoid_obstacle/src/find_way.cpp:86:44:[m[K [01;31m[Kerror: [m[Ktemplate argument 1 is invalid
   86 |   rclcpp::Subscription<std_msgs::msg::Int32[01;31m[K>[m[K::SharedPtr stop_or_move_subscription_;
      |                                            [01;31m[K^[m[K
[01m[K/home/automation/projec_ws/cppros2_projects/avoid_obstacle/src/find_way.cpp:86:44:[m[K [01;31m[Kerror: [m[Ktemplate argument 3 is invalid
[01m[K/home/automation/projec_ws/cppros2_projects/avoid_obstacle/src/find_way.cpp:86:44:[m[K [01;31m[Kerror: [m[Ktemplate argument 4 is invalid
[01m[K/home/automation/projec_ws/cppros2_projects/avoid_obstacle/src/find_way.cpp:86:44:[m[K [01;31m[Kerror: [m[Ktemplate argument 5 is invalid
[01m[K/home/automation/projec_ws/cppros2_projects/avoid_obstacle/src/find_way.cpp:86:47:[m[K [01;31m[Kerror: [m[Kexpected â€˜[01m[K;[m[Kâ€™ at end of member declaration
   86 |   rclcpp::Subscription<std_msgs::msg::Int32>::[01;31m[KSharedPtr[m[K stop_or_move_subscription_;
      |                                               [01;31m[K^~~~~~~~~[m[K
      |                                                        [32m[K;[m[K
[01m[K/home/automation/projec_ws/cppros2_projects/avoid_obstacle/src/find_way.cpp:86:57:[m[K [01;31m[Kerror: [m[Kâ€˜[01m[Kstop_or_move_subscription_[m[Kâ€™ does not name a type
   86 |   rclcpp::Subscription<std_msgs::msg::Int32>::SharedPtr [01;31m[Kstop_or_move_subscription_[m[K;
      |                                                         [01;31m[K^~~~~~~~~~~~~~~~~~~~~~~~~~[m[K
[01m[K/home/automation/projec_ws/cppros2_projects/avoid_obstacle/src/find_way.cpp:[m[K In constructor â€˜[01m[KObstacle_Avoidance::Obstacle_Avoidance()[m[Kâ€™:
[01m[K/home/automation/projec_ws/cppros2_projects/avoid_obstacle/src/find_way.cpp:40:7:[m[K [01;31m[Kerror: [m[Kâ€˜[01m[Kstop_or_move_subscription_[m[Kâ€™ was not declared in this scope
   40 |       [01;31m[Kstop_or_move_subscription_[m[K = this->create_subscription<std_msgs::msg::Int32>(
      |       [01;31m[K^~~~~~~~~~~~~~~~~~~~~~~~~~[m[K
gmake[2]: *** [CMakeFiles/find_way.dir/build.make:76: CMakeFiles/find_way.dir/src/find_way.cpp.o] Error 1
gmake[1]: *** [CMakeFiles/Makefile2:137: CMakeFiles/find_way.dir/all] Error 2
gmake: *** [Makefile:146: all] Error 2
