[0.254s] Invoking command in '/home/automation/projec_ws/cppros2_projects/avoid_obstacle/build/avoid_obstacle': CMAKE_PREFIX_PATH=${CMAKE_PREFIX_PATH}:/home/automation/projec_ws/ros2Projects/install/ros2_teleop_keyboard:/home/automation/projec_ws/ros2Projects/install/obstacle_avoidance:/home/automation/projec_ws/ros2Projects/install/blink_publisher:/home/automation/projec_ws/ros2Projects/install/WirelessRangeEstimator:/opt/ros/humble /usr/bin/cmake --build /home/automation/projec_ws/cppros2_projects/avoid_obstacle/build/avoid_obstacle -- -j2 -l2
[0.851s] [35m[1mConsolidate compiler generated dependencies of target find_way[0m
[1.007s] [ 50%] [32mBuilding CXX object CMakeFiles/find_way.dir/src/find_way.cpp.o[0m
[76.279s] [01m[K/home/automation/projec_ws/cppros2_projects/avoid_obstacle/src/find_way.cpp:86:39:[m[K [01;31m[Kerror: [m[Kâ€˜[01m[KFloat[m[Kâ€™ is not a member of â€˜[01m[Kstd_msgs::msg[m[Kâ€™; did you mean â€˜[01m[KFloat32[m[Kâ€™?
[76.327s]    86 |   rclcpp::Subscription<std_msgs::msg::[01;31m[KInt32[m[K>::SharedPtr stop_or_move_subscription_;
[76.327s]       |                                       [01;31m[K^~~~~[m[K
[76.328s]       |                                       [32m[KFloat32[m[K
[76.332s] [01m[K/home/automation/projec_ws/cppros2_projects/avoid_obstacle/src/find_way.cpp:86:44:[m[K [01;31m[Kerror: [m[Ktemplate argument 1 is invalid
[76.332s]    86 |   rclcpp::Subscription<std_msgs::msg::Int32[01;31m[K>[m[K::SharedPtr stop_or_move_subscription_;
[76.332s]       |                                            [01;31m[K^[m[K
[76.333s] [01m[K/home/automation/projec_ws/cppros2_projects/avoid_obstacle/src/find_way.cpp:86:44:[m[K [01;31m[Kerror: [m[Ktemplate argument 3 is invalid
[76.333s] [01m[K/home/automation/projec_ws/cppros2_projects/avoid_obstacle/src/find_way.cpp:86:44:[m[K [01;31m[Kerror: [m[Ktemplate argument 4 is invalid
[76.334s] [01m[K/home/automation/projec_ws/cppros2_projects/avoid_obstacle/src/find_way.cpp:86:44:[m[K [01;31m[Kerror: [m[Ktemplate argument 5 is invalid
[76.335s] [01m[K/home/automation/projec_ws/cppros2_projects/avoid_obstacle/src/find_way.cpp:86:47:[m[K [01;31m[Kerror: [m[Kexpected â€˜[01m[K;[m[Kâ€™ at end of member declaration
[76.336s]    86 |   rclcpp::Subscription<std_msgs::msg::Int32>::[01;31m[KSharedPtr[m[K stop_or_move_subscription_;
[76.336s]       |                                               [01;31m[K^~~~~~~~~[m[K
[76.336s]       |                                                        [32m[K;[m[K
[76.387s] [01m[K/home/automation/projec_ws/cppros2_projects/avoid_obstacle/src/find_way.cpp:86:57:[m[K [01;31m[Kerror: [m[Kâ€˜[01m[Kstop_or_move_subscription_[m[Kâ€™ does not name a type
[76.387s]    86 |   rclcpp::Subscription<std_msgs::msg::Int32>::SharedPtr [01;31m[Kstop_or_move_subscription_[m[K;
[76.387s]       |                                                         [01;31m[K^~~~~~~~~~~~~~~~~~~~~~~~~~[m[K
[78.973s] [01m[K/home/automation/projec_ws/cppros2_projects/avoid_obstacle/src/find_way.cpp:[m[K In constructor â€˜[01m[KObstacle_Avoidance::Obstacle_Avoidance()[m[Kâ€™:
[78.974s] [01m[K/home/automation/projec_ws/cppros2_projects/avoid_obstacle/src/find_way.cpp:40:7:[m[K [01;31m[Kerror: [m[Kâ€˜[01m[Kstop_or_move_subscription_[m[Kâ€™ was not declared in this scope
[78.975s]    40 |       [01;31m[Kstop_or_move_subscription_[m[K = this->create_subscription<std_msgs::msg::Int32>(
[78.975s]       |       [01;31m[K^~~~~~~~~~~~~~~~~~~~~~~~~~[m[K
[109.525s] gmake[2]: *** [CMakeFiles/find_way.dir/build.make:76: CMakeFiles/find_way.dir/src/find_way.cpp.o] Error 1
[109.542s] gmake[1]: *** [CMakeFiles/Makefile2:137: CMakeFiles/find_way.dir/all] Error 2
[109.543s] gmake: *** [Makefile:146: all] Error 2
[109.953s] Invoked command in '/home/automation/projec_ws/cppros2_projects/avoid_obstacle/build/avoid_obstacle' returned '2': CMAKE_PREFIX_PATH=${CMAKE_PREFIX_PATH}:/home/automation/projec_ws/ros2Projects/install/ros2_teleop_keyboard:/home/automation/projec_ws/ros2Projects/install/obstacle_avoidance:/home/automation/projec_ws/ros2Projects/install/blink_publisher:/home/automation/projec_ws/ros2Projects/install/WirelessRangeEstimator:/opt/ros/humble /usr/bin/cmake --build /home/automation/projec_ws/cppros2_projects/avoid_obstacle/build/avoid_obstacle -- -j2 -l2
