[0.190s] Invoking command in '/home/automation/projec_ws/cppros2_projects/avoid_obstacle/build/avoid_obstacle': CMAKE_PREFIX_PATH=${CMAKE_PREFIX_PATH}:/home/automation/projec_ws/ros2Projects/install/ros2_teleop_keyboard:/home/automation/projec_ws/ros2Projects/install/obstacle_avoidance:/home/automation/projec_ws/ros2Projects/install/blink_publisher:/home/automation/projec_ws/ros2Projects/install/WirelessRangeEstimator:/opt/ros/humble /usr/bin/cmake --build /home/automation/projec_ws/cppros2_projects/avoid_obstacle/build/avoid_obstacle -- -j2 -l2
[0.781s] [35m[1mConsolidate compiler generated dependencies of target find_way[0m
[0.937s] [ 50%] [32mBuilding CXX object CMakeFiles/find_way.dir/src/find_way.cpp.o[0m
[34.414s] [01m[K/home/automation/projec_ws/cppros2_projects/avoid_obstacle/src/find_way.cpp:73:59:[m[K [01;31m[Kerror: [m[Kredeclaration of â€˜[01m[Krclcpp::Subscription<std_msgs::msg::Float32_<std::allocator<void> > >::SharedPtr Obstacle_Avoidance::subscription_[m[Kâ€™
[34.433s]    73 |   rclcpp::Subscription<std_msgs::msg::Float32>::SharedPtr [01;31m[Ksubscription_[m[K;
[34.434s]       |                                                           [01;31m[K^~~~~~~~~~~~~[m[K
[34.435s] [01m[K/home/automation/projec_ws/cppros2_projects/avoid_obstacle/src/find_way.cpp:72:57:[m[K [01;36m[Knote: [m[Kprevious declaration â€˜[01m[Krclcpp::Subscription<std_msgs::msg::Int32_<std::allocator<void> > >::SharedPtr Obstacle_Avoidance::subscription_[m[Kâ€™
[34.435s]    72 |   rclcpp::Subscription<std_msgs::msg::Int32>::SharedPtr [01;36m[Ksubscription_[m[K;
[34.436s]       |                                                         [01;36m[K^~~~~~~~~~~~~[m[K
[34.438s] [01m[K/home/automation/projec_ws/cppros2_projects/avoid_obstacle/src/find_way.cpp:[m[K In constructor â€˜[01m[KObstacle_Avoidance::Obstacle_Avoidance()[m[Kâ€™:
[34.441s] [01m[K/home/automation/projec_ws/cppros2_projects/avoid_obstacle/src/find_way.cpp:39:18:[m[K [01;31m[Kerror: [m[Kâ€˜[01m[KObstacleAvoidance[m[Kâ€™ has not been declared
[34.443s]    39 |       std::bind(&[01;31m[KObstacleAvoidance[m[K::topic_callback, this, _1));
[34.444s]       |                  [01;31m[K^~~~~~~~~~~~~~~~~[m[K
[34.447s] [01m[K/home/automation/projec_ws/cppros2_projects/avoid_obstacle/src/find_way.cpp:39:59:[m[K [01;31m[Kerror: [m[Kâ€˜[01m[K_1[m[Kâ€™ was not declared in this scope; did you mean â€˜[01m[Kstd::placeholders::_1[m[Kâ€™?
[34.448s]    39 |       std::bind(&ObstacleAvoidance::topic_callback, this, [01;31m[K_1[m[K));
[34.450s]       |                                                           [01;31m[K^~[m[K
[34.450s]       |                                                           [32m[Kstd::placeholders::_1[m[K
[34.451s] In file included from [01m[K/home/automation/projec_ws/cppros2_projects/avoid_obstacle/src/find_way.cpp:2[m[K:
[34.453s] [01m[K/usr/include/c++/11/functional:225:34:[m[K [01;36m[Knote: [m[Kâ€˜[01m[Kstd::placeholders::_1[m[Kâ€™ declared here
[34.454s]   225 |     extern const _Placeholder<1> [01;36m[K_1[m[K;
[34.454s]       |                                  [01;36m[K^~[m[K
[39.577s] gmake[2]: *** [CMakeFiles/find_way.dir/build.make:76: CMakeFiles/find_way.dir/src/find_way.cpp.o] Error 1
[39.608s] gmake[1]: *** [CMakeFiles/Makefile2:137: CMakeFiles/find_way.dir/all] Error 2
[39.622s] gmake: *** [Makefile:146: all] Error 2
[40.338s] Invoked command in '/home/automation/projec_ws/cppros2_projects/avoid_obstacle/build/avoid_obstacle' returned '2': CMAKE_PREFIX_PATH=${CMAKE_PREFIX_PATH}:/home/automation/projec_ws/ros2Projects/install/ros2_teleop_keyboard:/home/automation/projec_ws/ros2Projects/install/obstacle_avoidance:/home/automation/projec_ws/ros2Projects/install/blink_publisher:/home/automation/projec_ws/ros2Projects/install/WirelessRangeEstimator:/opt/ros/humble /usr/bin/cmake --build /home/automation/projec_ws/cppros2_projects/avoid_obstacle/build/avoid_obstacle -- -j2 -l2
