[0.127s] Invoking command in '/home/automation/projec_ws/cppros2_projects/avoid_obstacle/build/avoid_obstacle': CMAKE_PREFIX_PATH=/home/automation/projec_ws/ros2Projects/install/ros2_teleop_keyboard:/home/automation/projec_ws/ros2Projects/install/obstacle_avoidance:/home/automation/projec_ws/ros2Projects/install/blink_publisher:/home/automation/projec_ws/ros2Projects/install/WirelessRangeEstimator:/opt/ros/humble /usr/bin/cmake --build /home/automation/projec_ws/cppros2_projects/avoid_obstacle/build/avoid_obstacle -- -j2 -l2
[0.749s] [35m[1mConsolidate compiler generated dependencies of target find_way[0m
[0.907s] [ 50%] [32mBuilding CXX object CMakeFiles/find_way.dir/src/find_way.cpp.o[0m
[29.913s] [01m[K/home/automation/projec_ws/cppros2_projects/avoid_obstacle/src/find_way.cpp:31:38:[m[K [01;31m[Kerror: [m[Kâ€˜[01m[KString[m[Kâ€™ is not a member of â€˜[01m[Kstd_msgs::msg[m[Kâ€™
[29.938s]    31 |     rclcpp::Publisher<std_msgs::msg::[01;31m[KString[m[K>::SharedPtr publisher_;
[29.939s]       |                                      [01;31m[K^~~~~~[m[K
[29.943s] [01m[K/home/automation/projec_ws/cppros2_projects/avoid_obstacle/src/find_way.cpp:31:44:[m[K [01;31m[Kerror: [m[Ktemplate argument 1 is invalid
[29.943s]    31 |     rclcpp::Publisher<std_msgs::msg::String[01;31m[K>[m[K::SharedPtr publisher_;
[29.944s]       |                                            [01;31m[K^[m[K
[29.946s] [01m[K/home/automation/projec_ws/cppros2_projects/avoid_obstacle/src/find_way.cpp:31:47:[m[K [01;31m[Kerror: [m[Kexpected â€˜[01m[K;[m[Kâ€™ at end of member declaration
[29.946s]    31 |     rclcpp::Publisher<std_msgs::msg::String>::[01;31m[KSharedPtr[m[K publisher_;
[29.947s]       |                                               [01;31m[K^~~~~~~~~[m[K
[29.947s]       |                                                        [32m[K;[m[K
[29.948s] [01m[K/home/automation/projec_ws/cppros2_projects/avoid_obstacle/src/find_way.cpp:31:57:[m[K [01;31m[Kerror: [m[Kâ€˜[01m[Kpublisher_[m[Kâ€™ does not name a type; did you mean â€˜[01m[Krmw_publisher_t[m[Kâ€™?
[29.949s]    31 |     rclcpp::Publisher<std_msgs::msg::String>::SharedPtr [01;31m[Kpublisher_[m[K;
[29.949s]       |                                                         [01;31m[K^~~~~~~~~~[m[K
[29.950s]       |                                                         [32m[Krmw_publisher_t[m[K
[29.950s] [01m[K/home/automation/projec_ws/cppros2_projects/avoid_obstacle/src/find_way.cpp:49:32:[m[K [01;31m[Kerror: [m[Kredeclaration of â€˜[01m[Krclcpp::TimerBase::SharedPtr Obstacle_Avoidance::timer_[m[Kâ€™
[29.951s]    49 |   rclcpp::TimerBase::SharedPtr [01;31m[Ktimer_[m[K;
[29.951s]       |                                [01;31m[K^~~~~~[m[K
[29.952s] [01m[K/home/automation/projec_ws/cppros2_projects/avoid_obstacle/src/find_way.cpp:30:34:[m[K [01;36m[Knote: [m[Kprevious declaration â€˜[01m[Krclcpp::TimerBase::SharedPtr Obstacle_Avoidance::timer_[m[Kâ€™
[29.952s]    30 |     rclcpp::TimerBase::SharedPtr [01;36m[Ktimer_[m[K;
[29.952s]       |                                  [01;36m[K^~~~~~[m[K
[29.953s] [01m[K/home/automation/projec_ws/cppros2_projects/avoid_obstacle/src/find_way.cpp:50:36:[m[K [01;31m[Kerror: [m[Kâ€˜[01m[KString[m[Kâ€™ is not a member of â€˜[01m[Kstd_msgs::msg[m[Kâ€™
[29.953s]    50 |   rclcpp::Publisher<std_msgs::msg::[01;31m[KString[m[K>::SharedPtr publisher_;
[29.954s]       |                                    [01;31m[K^~~~~~[m[K
[29.954s] [01m[K/home/automation/projec_ws/cppros2_projects/avoid_obstacle/src/find_way.cpp:50:42:[m[K [01;31m[Kerror: [m[Ktemplate argument 1 is invalid
[29.955s]    50 |   rclcpp::Publisher<std_msgs::msg::String[01;31m[K>[m[K::SharedPtr publisher_;
[29.955s]       |                                          [01;31m[K^[m[K
[29.956s] [01m[K/home/automation/projec_ws/cppros2_projects/avoid_obstacle/src/find_way.cpp:50:45:[m[K [01;31m[Kerror: [m[Kexpected â€˜[01m[K;[m[Kâ€™ at end of member declaration
[29.956s]    50 |   rclcpp::Publisher<std_msgs::msg::String>::[01;31m[KSharedPtr[m[K publisher_;
[29.957s]       |                                             [01;31m[K^~~~~~~~~[m[K
[29.957s]       |                                                      [32m[K;[m[K
[29.958s] [01m[K/home/automation/projec_ws/cppros2_projects/avoid_obstacle/src/find_way.cpp:50:45:[m[K [01;31m[Kerror: [m[Kredeclaration of â€˜[01m[Kint Obstacle_Avoidance::SharedPtr[m[Kâ€™
[29.958s] [01m[K/home/automation/projec_ws/cppros2_projects/avoid_obstacle/src/find_way.cpp:31:47:[m[K [01;36m[Knote: [m[Kprevious declaration â€˜[01m[Kint Obstacle_Avoidance::SharedPtr[m[Kâ€™
[29.959s]    31 |     rclcpp::Publisher<std_msgs::msg::String>::[01;36m[KSharedPtr[m[K publisher_;
[29.959s]       |                                               [01;36m[K^~~~~~~~~[m[K
[29.960s] [01m[K/home/automation/projec_ws/cppros2_projects/avoid_obstacle/src/find_way.cpp:50:55:[m[K [01;31m[Kerror: [m[Kâ€˜[01m[Kpublisher_[m[Kâ€™ does not name a type; did you mean â€˜[01m[Krmw_publisher_t[m[Kâ€™?
[29.960s]    50 |   rclcpp::Publisher<std_msgs::msg::String>::SharedPtr [01;31m[Kpublisher_[m[K;
[29.960s]       |                                                       [01;31m[K^~~~~~~~~~[m[K
[29.961s]       |                                                       [32m[Krmw_publisher_t[m[K
[29.961s] [01m[K/home/automation/projec_ws/cppros2_projects/avoid_obstacle/src/find_way.cpp:51:10:[m[K [01;31m[Kerror: [m[Kredeclaration of â€˜[01m[Ksize_t Obstacle_Avoidance::count_[m[Kâ€™
[29.962s]    51 |   size_t [01;31m[Kcount_[m[K;
[29.962s]       |          [01;31m[K^~~~~~[m[K
[29.963s] [01m[K/home/automation/projec_ws/cppros2_projects/avoid_obstacle/src/find_way.cpp:32:12:[m[K [01;36m[Knote: [m[Kprevious declaration â€˜[01m[Ksize_t Obstacle_Avoidance::count_[m[Kâ€™
[29.963s]    32 |     size_t [01;36m[Kcount_[m[K;
[29.975s]       |            [01;36m[K^~~~~~[m[K
[29.975s] [01m[K/home/automation/projec_ws/cppros2_projects/avoid_obstacle/src/find_way.cpp:[m[K In constructor â€˜[01m[KObstacle_Avoidance::Obstacle_Avoidance()[m[Kâ€™:
[29.977s] [01m[K/home/automation/projec_ws/cppros2_projects/avoid_obstacle/src/find_way.cpp:18:7:[m[K [01;31m[Kerror: [m[Kâ€˜[01m[Kpublisher_[m[Kâ€™ was not declared in this scope; did you mean â€˜[01m[Krmw_publisher_t[m[Kâ€™?
[29.979s]    18 |       [01;31m[Kpublisher_[m[K = this->create_publisher<std_msgs::msg::Twist>("cmd_vel", 10);
[29.980s]       |       [01;31m[K^~~~~~~~~~[m[K
[29.980s]       |       [32m[Krmw_publisher_t[m[K
[29.981s] [01m[K/home/automation/projec_ws/cppros2_projects/avoid_obstacle/src/find_way.cpp:18:58:[m[K [01;31m[Kerror: [m[Kâ€˜[01m[KTwist[m[Kâ€™ is not a member of â€˜[01m[Kstd_msgs::msg[m[Kâ€™; did you mean â€˜[01m[Kgeometry_msgs::msg::Twist[m[Kâ€™?
[29.981s]    18 |       publisher_ = this->create_publisher<std_msgs::msg::[01;31m[KTwist[m[K>("cmd_vel", 10);
[29.982s]       |                                                          [01;31m[K^~~~~[m[K
[29.982s] In file included from [01m[K/opt/ros/humble/include/geometry_msgs/geometry_msgs/msg/twist.hpp:7[m[K,
[29.982s]                  from [01m[K/home/automation/projec_ws/cppros2_projects/avoid_obstacle/src/find_way.cpp:5[m[K:
[29.983s] [01m[K/opt/ros/humble/include/geometry_msgs/geometry_msgs/msg/detail/twist__struct.hpp:134:7:[m[K [01;36m[Knote: [m[Kâ€˜[01m[Kgeometry_msgs::msg::Twist[m[Kâ€™ declared here
[29.984s]   134 | using [01;36m[KTwist[m[K =
[29.984s]       |       [01;36m[K^~~~~[m[K
[29.985s] [01m[K/home/automation/projec_ws/cppros2_projects/avoid_obstacle/src/find_way.cpp:18:64:[m[K [01;31m[Kerror: [m[Kno matching function for call to â€˜[01m[KObstacle_Avoidance::create_publisher<<expression error> >(const char [8], int)[m[Kâ€™
[29.986s]    18 |       publisher_ = [01;31m[Kthis->create_publisher<std_msgs::msg::Twist>("cmd_vel", 10)[m[K;
[29.986s]       |                    [01;31m[K~~~~~~~~~~~~~~~~~~~~~~~~~~~~~~~~~~~~~~~~~~~~^~~~~~~~~~~~~~~[m[K
[29.987s] In file included from [01m[K/opt/ros/humble/include/rclcpp/rclcpp/executors/single_threaded_executor.hpp:28[m[K,
[29.987s]                  from [01m[K/opt/ros/humble/include/rclcpp/rclcpp/executors.hpp:22[m[K,
[29.988s]                  from [01m[K/opt/ros/humble/include/rclcpp/rclcpp/rclcpp.hpp:155[m[K,
[29.988s]                  from [01m[K/home/automation/projec_ws/cppros2_projects/avoid_obstacle/src/find_way.cpp:6[m[K:
[29.989s] [01m[K/opt/ros/humble/include/rclcpp/rclcpp/node.hpp:195:3:[m[K [01;36m[Knote: [m[Kcandidate: â€˜[01m[Ktemplate<class MessageT, class AllocatorT, class PublisherT> std::shared_ptr<PublisherT> rclcpp::Node::create_publisher(const string&, const rclcpp::QoS&, const rclcpp::PublisherOptionsWithAllocator<AllocatorT>&)[m[Kâ€™
[29.989s]   195 |   [01;36m[Kcreate_publisher[m[K(
[29.990s]       |   [01;36m[K^~~~~~~~~~~~~~~~[m[K
[29.990s] [01m[K/opt/ros/humble/include/rclcpp/rclcpp/node.hpp:195:3:[m[K [01;36m[Knote: [m[K  template argument deduction/substitution failed:
[29.991s] [01m[K/home/automation/projec_ws/cppros2_projects/avoid_obstacle/src/find_way.cpp:18:64:[m[K [01;31m[Kerror: [m[Ktemplate argument 1 is invalid
[29.991s]    18 |       publisher_ = [01;31m[Kthis->create_publisher<std_msgs::msg::Twist>("cmd_vel", 10)[m[K;
[29.992s]       |                    [01;31m[K~~~~~~~~~~~~~~~~~~~~~~~~~~~~~~~~~~~~~~~~~~~~^~~~~~~~~~~~~~~[m[K
[29.992s] [01m[K/home/automation/projec_ws/cppros2_projects/avoid_obstacle/src/find_way.cpp:[m[K In member function â€˜[01m[Kvoid Obstacle_Avoidance::timer_callback()[m[Kâ€™:
[29.992s] [01m[K/home/automation/projec_ws/cppros2_projects/avoid_obstacle/src/find_way.cpp:27:44:[m[K [01;31m[Kerror: [m[Kâ€˜[01m[Kmin[m[Kâ€™ was not declared in this scope; did you mean â€˜[01m[Kstd::min[m[Kâ€™?
[29.993s]    27 |       auto message = this->calculateVelMsg([01;31m[Kmin[m[K);
[29.993s]       |                                            [01;31m[K^~~[m[K
[29.994s]       |                                            [32m[Kstd::min[m[K
[29.994s] In file included from [01m[K/usr/include/c++/11/functional:65[m[K,
[29.995s]                  from [01m[K/home/automation/projec_ws/cppros2_projects/avoid_obstacle/src/find_way.cpp:2[m[K:
[29.995s] [01m[K/usr/include/c++/11/bits/stl_algo.h:3455:5:[m[K [01;36m[Knote: [m[Kâ€˜[01m[Kstd::min[m[Kâ€™ declared here
[29.996s]  3455 |     [01;36m[Kmin[m[K(initializer_list<_Tp> __l, _Compare __comp)
[29.996s]       |     [01;36m[K^~~[m[K
[29.997s] [01m[K/home/automation/projec_ws/cppros2_projects/avoid_obstacle/src/find_way.cpp:28:7:[m[K [01;31m[Kerror: [m[Kâ€˜[01m[Kpublisher_[m[Kâ€™ was not declared in this scope; did you mean â€˜[01m[Krmw_publisher_t[m[Kâ€™?
[29.997s]    28 |       [01;31m[Kpublisher_[m[K->publish(message);
[29.998s]       |       [01;31m[K^~~~~~~~~~[m[K
[29.998s]       |       [32m[Krmw_publisher_t[m[K
[31.931s] gmake[2]: *** [CMakeFiles/find_way.dir/build.make:76: CMakeFiles/find_way.dir/src/find_way.cpp.o] Error 1
[31.967s] gmake[1]: *** [CMakeFiles/Makefile2:137: CMakeFiles/find_way.dir/all] Error 2
[31.987s] gmake: *** [Makefile:146: all] Error 2
[32.399s] Invoked command in '/home/automation/projec_ws/cppros2_projects/avoid_obstacle/build/avoid_obstacle' returned '2': CMAKE_PREFIX_PATH=/home/automation/projec_ws/ros2Projects/install/ros2_teleop_keyboard:/home/automation/projec_ws/ros2Projects/install/obstacle_avoidance:/home/automation/projec_ws/ros2Projects/install/blink_publisher:/home/automation/projec_ws/ros2Projects/install/WirelessRangeEstimator:/opt/ros/humble /usr/bin/cmake --build /home/automation/projec_ws/cppros2_projects/avoid_obstacle/build/avoid_obstacle -- -j2 -l2
