[0.157s] Invoking command in '/home/automation/projec_ws/cppros2_projects/avoid_obstacle/build/avoid_obstacle': CMAKE_PREFIX_PATH=${CMAKE_PREFIX_PATH}:/home/automation/projec_ws/ros2Projects/install/ros2_teleop_keyboard:/home/automation/projec_ws/ros2Projects/install/obstacle_avoidance:/home/automation/projec_ws/ros2Projects/install/blink_publisher:/home/automation/projec_ws/ros2Projects/install/WirelessRangeEstimator:/opt/ros/humble /usr/bin/cmake --build /home/automation/projec_ws/cppros2_projects/avoid_obstacle/build/avoid_obstacle -- -j2 -l2
[0.752s] [35m[1mConsolidate compiler generated dependencies of target find_way[0m
[0.878s] [ 50%] [32mBuilding CXX object CMakeFiles/find_way.dir/src/find_way.cpp.o[0m
[45.380s] [01m[K/home/automation/projec_ws/cppros2_projects/avoid_obstacle/src/find_way.cpp:[m[K In constructor â€˜[01m[KObstacle_Avoidance::Obstacle_Avoidance()[m[Kâ€™:
[45.403s] [01m[K/home/automation/projec_ws/cppros2_projects/avoid_obstacle/src/find_way.cpp:31:7:[m[K [01;31m[Kerror: [m[Kâ€˜[01m[Ksubscription_[m[Kâ€™ was not declared in this scope; did you mean â€˜[01m[Krmw_subscription_t[m[Kâ€™?
[45.406s]    31 |       [01;31m[Ksubscription_[m[K = this->create_subscription(
[45.407s]       |       [01;31m[K^~~~~~~~~~~~~[m[K
[45.408s]       |       [32m[Krmw_subscription_t[m[K
[45.410s] [01m[K/home/automation/projec_ws/cppros2_projects/avoid_obstacle/src/find_way.cpp:32:23:[m[K [01;31m[Kerror: [m[Kâ€˜[01m[KInt32[m[Kâ€™ was not declared in this scope
[45.411s]    32 |       "stop_or_move", [01;31m[KInt32[m[K,
[45.411s]       |                       [01;31m[K^~~~~[m[K
[45.412s] [01m[K/home/automation/projec_ws/cppros2_projects/avoid_obstacle/src/find_way.cpp:33:18:[m[K [01;31m[Kerror: [m[Kâ€˜[01m[KObstacleAvoidance[m[Kâ€™ has not been declared
[45.413s]    33 |       std::bind(&[01;31m[KObstacleAvoidance[m[K::topic_callback, this, _1));
[45.414s]       |                  [01;31m[K^~~~~~~~~~~~~~~~~[m[K
[45.417s] [01m[K/home/automation/projec_ws/cppros2_projects/avoid_obstacle/src/find_way.cpp:33:59:[m[K [01;31m[Kerror: [m[Kâ€˜[01m[K_1[m[Kâ€™ was not declared in this scope; did you mean â€˜[01m[Kstd::placeholders::_1[m[Kâ€™?
[45.418s]    33 |       std::bind(&ObstacleAvoidance::topic_callback, this, [01;31m[K_1[m[K));
[45.418s]       |                                                           [01;31m[K^~[m[K
[45.419s]       |                                                           [32m[Kstd::placeholders::_1[m[K
[45.420s] In file included from [01m[K/home/automation/projec_ws/cppros2_projects/avoid_obstacle/src/find_way.cpp:2[m[K:
[45.422s] [01m[K/usr/include/c++/11/functional:225:34:[m[K [01;36m[Knote: [m[Kâ€˜[01m[Kstd::placeholders::_1[m[Kâ€™ declared here
[45.423s]   225 |     extern const _Placeholder<1> [01;36m[K_1[m[K;
[45.423s]       |                                  [01;36m[K^~[m[K
[80.716s] gmake[2]: *** [CMakeFiles/find_way.dir/build.make:76: CMakeFiles/find_way.dir/src/find_way.cpp.o] Error 1
[80.733s] gmake[1]: *** [CMakeFiles/Makefile2:137: CMakeFiles/find_way.dir/all] Error 2
[80.734s] gmake: *** [Makefile:146: all] Error 2
[81.099s] Invoked command in '/home/automation/projec_ws/cppros2_projects/avoid_obstacle/build/avoid_obstacle' returned '2': CMAKE_PREFIX_PATH=${CMAKE_PREFIX_PATH}:/home/automation/projec_ws/ros2Projects/install/ros2_teleop_keyboard:/home/automation/projec_ws/ros2Projects/install/obstacle_avoidance:/home/automation/projec_ws/ros2Projects/install/blink_publisher:/home/automation/projec_ws/ros2Projects/install/WirelessRangeEstimator:/opt/ros/humble /usr/bin/cmake --build /home/automation/projec_ws/cppros2_projects/avoid_obstacle/build/avoid_obstacle -- -j2 -l2
