[35m[1mConsolidate compiler generated dependencies of target find_way[0m
[ 50%] [32mBuilding CXX object CMakeFiles/find_way.dir/src/find_way.cpp.o[0m
[01m[K/home/automation/projec_ws/cppros2_projects/avoid_obstacle/src/find_way.cpp:[m[K In member function â€˜[01m[Kvoid Obstacle_Avoidance::timer_callback()[m[Kâ€™:
[01m[K/home/automation/projec_ws/cppros2_projects/avoid_obstacle/src/find_way.cpp:27:44:[m[K [01;31m[Kerror: [m[Kâ€˜[01m[Kmin[m[Kâ€™ was not declared in this scope; did you mean â€˜[01m[Kstd::min[m[Kâ€™?
   27 |       auto message = this->calculateVelMsg([01;31m[Kmin[m[K);
      |                                            [01;31m[K^~~[m[K
      |                                            [32m[Kstd::min[m[K
In file included from [01m[K/usr/include/c++/11/functional:65[m[K,
                 from [01m[K/home/automation/projec_ws/cppros2_projects/avoid_obstacle/src/find_way.cpp:2[m[K:
[01m[K/usr/include/c++/11/bits/stl_algo.h:3455:5:[m[K [01;36m[Knote: [m[Kâ€˜[01m[Kstd::min[m[Kâ€™ declared here
 3455 |     [01;36m[Kmin[m[K(initializer_list<_Tp> __l, _Compare __comp)
      |     [01;36m[K^~~[m[K
gmake[2]: *** [CMakeFiles/find_way.dir/build.make:76: CMakeFiles/find_way.dir/src/find_way.cpp.o] Error 1
gmake[1]: *** [CMakeFiles/Makefile2:137: CMakeFiles/find_way.dir/all] Error 2
gmake: *** [Makefile:146: all] Error 2
