[0.162s] Invoking command in '/home/automation/projec_ws/cppros2_projects/avoid_obstacle/build/avoid_obstacle': CMAKE_PREFIX_PATH=/home/automation/projec_ws/ros2Projects/install/ros2_teleop_keyboard:/home/automation/projec_ws/ros2Projects/install/obstacle_avoidance:/home/automation/projec_ws/ros2Projects/install/blink_publisher:/home/automation/projec_ws/ros2Projects/install/WirelessRangeEstimator:/opt/ros/humble /usr/bin/cmake --build /home/automation/projec_ws/cppros2_projects/avoid_obstacle/build/avoid_obstacle -- -j2 -l2
[0.862s] [35m[1mConsolidate compiler generated dependencies of target find_way[0m
[1.037s] [ 50%] [32mBuilding CXX object CMakeFiles/find_way.dir/src/find_way.cpp.o[0m
[24.477s] [01m[K/home/automation/projec_ws/cppros2_projects/avoid_obstacle/src/find_way.cpp:[m[K In member function â€˜[01m[Kvoid Obstacle_Avoidance::timer_callback()[m[Kâ€™:
[24.536s] [01m[K/home/automation/projec_ws/cppros2_projects/avoid_obstacle/src/find_way.cpp:27:44:[m[K [01;31m[Kerror: [m[Kâ€˜[01m[Kmin[m[Kâ€™ was not declared in this scope; did you mean â€˜[01m[Kstd::min[m[Kâ€™?
[24.538s]    27 |       auto message = this->calculateVelMsg([01;31m[Kmin[m[K);
[24.539s]       |                                            [01;31m[K^~~[m[K
[24.540s]       |                                            [32m[Kstd::min[m[K
[24.540s] In file included from [01m[K/usr/include/c++/11/functional:65[m[K,
[24.546s]                  from [01m[K/home/automation/projec_ws/cppros2_projects/avoid_obstacle/src/find_way.cpp:2[m[K:
[24.551s] [01m[K/usr/include/c++/11/bits/stl_algo.h:3455:5:[m[K [01;36m[Knote: [m[Kâ€˜[01m[Kstd::min[m[Kâ€™ declared here
[24.552s]  3455 |     [01;36m[Kmin[m[K(initializer_list<_Tp> __l, _Compare __comp)
[24.555s]       |     [01;36m[K^~~[m[K
[27.169s] gmake[2]: *** [CMakeFiles/find_way.dir/build.make:76: CMakeFiles/find_way.dir/src/find_way.cpp.o] Error 1
[27.208s] gmake[1]: *** [CMakeFiles/Makefile2:137: CMakeFiles/find_way.dir/all] Error 2
[27.224s] gmake: *** [Makefile:146: all] Error 2
[27.819s] Invoked command in '/home/automation/projec_ws/cppros2_projects/avoid_obstacle/build/avoid_obstacle' returned '2': CMAKE_PREFIX_PATH=/home/automation/projec_ws/ros2Projects/install/ros2_teleop_keyboard:/home/automation/projec_ws/ros2Projects/install/obstacle_avoidance:/home/automation/projec_ws/ros2Projects/install/blink_publisher:/home/automation/projec_ws/ros2Projects/install/WirelessRangeEstimator:/opt/ros/humble /usr/bin/cmake --build /home/automation/projec_ws/cppros2_projects/avoid_obstacle/build/avoid_obstacle -- -j2 -l2
