[0.164s] Invoking command in '/home/automation/projec_ws/cppros2_projects/avoid_obstacle/build/avoid_obstacle': CMAKE_PREFIX_PATH=/home/automation/projec_ws/ros2Projects/install/ros2_teleop_keyboard:/home/automation/projec_ws/ros2Projects/install/obstacle_avoidance:/home/automation/projec_ws/ros2Projects/install/blink_publisher:/home/automation/projec_ws/ros2Projects/install/WirelessRangeEstimator:/opt/ros/humble /usr/bin/cmake --build /home/automation/projec_ws/cppros2_projects/avoid_obstacle/build/avoid_obstacle -- -j2 -l2
[0.771s] [35m[1mConsolidate compiler generated dependencies of target find_way[0m
[0.911s] [ 50%] [32mBuilding CXX object CMakeFiles/find_way.dir/src/find_way.cpp.o[0m
[24.118s] [01m[K/home/automation/projec_ws/cppros2_projects/avoid_obstacle/src/find_way.cpp:[m[K In member function â€˜[01m[Kvoid Obstacle_Avoidance::timer_callback()[m[Kâ€™:
[24.162s] [01m[K/home/automation/projec_ws/cppros2_projects/avoid_obstacle/src/find_way.cpp:27:43:[m[K [01;31m[Kerror: [m[Kno matching function for call to â€˜[01m[KObstacle_Avoidance::calculateVelMsg()[m[Kâ€™
[24.164s]    27 |       auto message = [01;31m[Kthis->calculateVelMsg()[m[K;
[24.164s]       |                      [01;31m[K~~~~~~~~~~~~~~~~~~~~~^~[m[K
[24.164s] [01m[K/home/automation/projec_ws/cppros2_projects/avoid_obstacle/src/find_way.cpp:32:29:[m[K [01;36m[Knote: [m[Kcandidate: â€˜[01m[Kgeometry_msgs::msg::Twist Obstacle_Avoidance::calculateVelMsg(float)[m[Kâ€™
[24.166s]    32 |   geometry_msgs::msg::Twist [01;36m[KcalculateVelMsg[m[K(float distance) {
[24.167s]       |                             [01;36m[K^~~~~~~~~~~~~~~[m[K
[24.175s] [01m[K/home/automation/projec_ws/cppros2_projects/avoid_obstacle/src/find_way.cpp:32:29:[m[K [01;36m[Knote: [m[K  candidate expects 1 argument, 0 provided
[27.421s] gmake[2]: *** [CMakeFiles/find_way.dir/build.make:76: CMakeFiles/find_way.dir/src/find_way.cpp.o] Error 1
[27.457s] gmake[1]: *** [CMakeFiles/Makefile2:137: CMakeFiles/find_way.dir/all] Error 2
[27.471s] gmake: *** [Makefile:146: all] Error 2
[27.959s] Invoked command in '/home/automation/projec_ws/cppros2_projects/avoid_obstacle/build/avoid_obstacle' returned '2': CMAKE_PREFIX_PATH=/home/automation/projec_ws/ros2Projects/install/ros2_teleop_keyboard:/home/automation/projec_ws/ros2Projects/install/obstacle_avoidance:/home/automation/projec_ws/ros2Projects/install/blink_publisher:/home/automation/projec_ws/ros2Projects/install/WirelessRangeEstimator:/opt/ros/humble /usr/bin/cmake --build /home/automation/projec_ws/cppros2_projects/avoid_obstacle/build/avoid_obstacle -- -j2 -l2
