[0.178s] Invoking command in '/home/automation/projec_ws/cppros2_projects/avoid_obstacle/build/avoid_obstacle': CMAKE_PREFIX_PATH=${CMAKE_PREFIX_PATH}:/home/automation/projec_ws/ros2Projects/install/ros2_teleop_keyboard:/home/automation/projec_ws/ros2Projects/install/obstacle_avoidance:/home/automation/projec_ws/ros2Projects/install/blink_publisher:/home/automation/projec_ws/ros2Projects/install/WirelessRangeEstimator:/opt/ros/humble /usr/bin/cmake --build /home/automation/projec_ws/cppros2_projects/avoid_obstacle/build/avoid_obstacle -- -j2 -l2
[0.855s] [35m[1mConsolidate compiler generated dependencies of target find_way[0m
[1.003s] [ 50%] [32mBuilding CXX object CMakeFiles/find_way.dir/src/find_way.cpp.o[0m
[18.783s] [01m[K/home/automation/projec_ws/cppros2_projects/avoid_obstacle/src/find_way.cpp:86:39:[m[K [01;31m[Kerror: [m[Kâ€˜[01m[KFloat[m[Kâ€™ is not a member of â€˜[01m[Kstd_msgs::msg[m[Kâ€™; did you mean â€˜[01m[KFloat32[m[Kâ€™?
[18.801s]    86 |   rclcpp::Subscription<std_msgs::msg::[01;31m[KFloat[m[K>::SharedPtr stop_or_move_subscription_;
[18.802s]       |                                       [01;31m[K^~~~~[m[K
[18.802s]       |                                       [32m[KFloat32[m[K
[18.806s] [01m[K/home/automation/projec_ws/cppros2_projects/avoid_obstacle/src/find_way.cpp:86:44:[m[K [01;31m[Kerror: [m[Ktemplate argument 1 is invalid
[18.806s]    86 |   rclcpp::Subscription<std_msgs::msg::Float[01;31m[K>[m[K::SharedPtr stop_or_move_subscription_;
[18.807s]       |                                            [01;31m[K^[m[K
[18.807s] [01m[K/home/automation/projec_ws/cppros2_projects/avoid_obstacle/src/find_way.cpp:86:44:[m[K [01;31m[Kerror: [m[Ktemplate argument 3 is invalid
[18.808s] [01m[K/home/automation/projec_ws/cppros2_projects/avoid_obstacle/src/find_way.cpp:86:44:[m[K [01;31m[Kerror: [m[Ktemplate argument 4 is invalid
[18.809s] [01m[K/home/automation/projec_ws/cppros2_projects/avoid_obstacle/src/find_way.cpp:86:44:[m[K [01;31m[Kerror: [m[Ktemplate argument 5 is invalid
[18.811s] [01m[K/home/automation/projec_ws/cppros2_projects/avoid_obstacle/src/find_way.cpp:86:47:[m[K [01;31m[Kerror: [m[Kexpected â€˜[01m[K;[m[Kâ€™ at end of member declaration
[18.811s]    86 |   rclcpp::Subscription<std_msgs::msg::Float>::[01;31m[KSharedPtr[m[K stop_or_move_subscription_;
[18.812s]       |                                               [01;31m[K^~~~~~~~~[m[K
[18.812s]       |                                                        [32m[K;[m[K
[18.813s] [01m[K/home/automation/projec_ws/cppros2_projects/avoid_obstacle/src/find_way.cpp:86:57:[m[K [01;31m[Kerror: [m[Kâ€˜[01m[Kstop_or_move_subscription_[m[Kâ€™ does not name a type
[18.814s]    86 |   rclcpp::Subscription<std_msgs::msg::Float>::SharedPtr [01;31m[Kstop_or_move_subscription_[m[K;
[18.814s]       |                                                         [01;31m[K^~~~~~~~~~~~~~~~~~~~~~~~~~[m[K
[19.891s] [01m[K/home/automation/projec_ws/cppros2_projects/avoid_obstacle/src/find_way.cpp:[m[K In constructor â€˜[01m[KObstacle_Avoidance::Obstacle_Avoidance()[m[Kâ€™:
[19.898s] [01m[K/home/automation/projec_ws/cppros2_projects/avoid_obstacle/src/find_way.cpp:40:7:[m[K [01;31m[Kerror: [m[Kâ€˜[01m[Kstop_or_move_subscription_[m[Kâ€™ was not declared in this scope
[19.898s]    40 |       [01;31m[Kstop_or_move_subscription_[m[K = this->create_subscription<std_msgs::msg::Int32>(
[19.899s]       |       [01;31m[K^~~~~~~~~~~~~~~~~~~~~~~~~~[m[K
[20.250s] In file included from [01m[K/opt/ros/humble/include/rclcpp/rclcpp/logging.hpp:24[m[K,
[20.250s]                  from [01m[K/opt/ros/humble/include/rclcpp/rclcpp/client.hpp:40[m[K,
[20.251s]                  from [01m[K/opt/ros/humble/include/rclcpp/rclcpp/callback_group.hpp:23[m[K,
[20.251s]                  from [01m[K/opt/ros/humble/include/rclcpp/rclcpp/any_executable.hpp:20[m[K,
[20.252s]                  from [01m[K/opt/ros/humble/include/rclcpp/rclcpp/memory_strategy.hpp:25[m[K,
[20.252s]                  from [01m[K/opt/ros/humble/include/rclcpp/rclcpp/memory_strategies.hpp:18[m[K,
[20.252s]                  from [01m[K/opt/ros/humble/include/rclcpp/rclcpp/executor_options.hpp:20[m[K,
[20.252s]                  from [01m[K/opt/ros/humble/include/rclcpp/rclcpp/executor.hpp:37[m[K,
[20.253s]                  from [01m[K/opt/ros/humble/include/rclcpp/rclcpp/executors/multi_threaded_executor.hpp:25[m[K,
[20.253s]                  from [01m[K/opt/ros/humble/include/rclcpp/rclcpp/executors.hpp:21[m[K,
[20.253s]                  from [01m[K/opt/ros/humble/include/rclcpp/rclcpp/rclcpp.hpp:155[m[K,
[20.254s]                  from [01m[K/home/automation/projec_ws/cppros2_projects/avoid_obstacle/src/find_way.cpp:6[m[K:
[20.254s] [01m[K/home/automation/projec_ws/cppros2_projects/avoid_obstacle/src/find_way.cpp:[m[K In member function â€˜[01m[Kvoid Obstacle_Avoidance::stop_or_move_callback(const Int32&) const[m[Kâ€™:
[20.260s] [01m[K/home/automation/projec_ws/cppros2_projects/avoid_obstacle/src/find_way.cpp:64:65:[m[K [01;31m[Kerror: [m[Krequest for member â€˜[01m[Kc_float[m[Kâ€™ in â€˜[01m[Kmsg.std_msgs::msg::Int32_<std::allocator<void> >::data[m[Kâ€™, which is of non-class type â€˜[01m[Kconst _data_type[m[Kâ€™ {aka â€˜[01m[Kconst int[m[Kâ€™}
[20.262s]    64 |       RCLCPP_INFO(this->get_logger(), "I heard: '%d'", msg.data.[01;31m[Kc_float[m[K());
[20.264s]       |                                                                 [01;31m[K^~~~~~~[m[K
[38.376s] gmake[2]: *** [CMakeFiles/find_way.dir/build.make:76: CMakeFiles/find_way.dir/src/find_way.cpp.o] Error 1
[38.396s] gmake[1]: *** [CMakeFiles/Makefile2:137: CMakeFiles/find_way.dir/all] Error 2
[38.397s] gmake: *** [Makefile:146: all] Error 2
[38.803s] Invoked command in '/home/automation/projec_ws/cppros2_projects/avoid_obstacle/build/avoid_obstacle' returned '2': CMAKE_PREFIX_PATH=${CMAKE_PREFIX_PATH}:/home/automation/projec_ws/ros2Projects/install/ros2_teleop_keyboard:/home/automation/projec_ws/ros2Projects/install/obstacle_avoidance:/home/automation/projec_ws/ros2Projects/install/blink_publisher:/home/automation/projec_ws/ros2Projects/install/WirelessRangeEstimator:/opt/ros/humble /usr/bin/cmake --build /home/automation/projec_ws/cppros2_projects/avoid_obstacle/build/avoid_obstacle -- -j2 -l2
