[0.358s] Invoking command in '/home/automation/projec_ws/cppros2_projects/avoid_obstacle/build/avoid_obstacle': CMAKE_PREFIX_PATH=${CMAKE_PREFIX_PATH}:/home/automation/projec_ws/ros2Projects/install/ros2_teleop_keyboard:/home/automation/projec_ws/ros2Projects/install/obstacle_avoidance:/home/automation/projec_ws/ros2Projects/install/blink_publisher:/home/automation/projec_ws/ros2Projects/install/WirelessRangeEstimator:/opt/ros/humble /usr/bin/cmake --build /home/automation/projec_ws/cppros2_projects/avoid_obstacle/build/avoid_obstacle -- -j2 -l2
[0.845s] [35m[1mConsolidate compiler generated dependencies of target find_way[0m
[1.004s] [ 50%] [32mBuilding CXX object CMakeFiles/find_way.dir/src/find_way.cpp.o[0m
[18.746s] [01m[K/home/automation/projec_ws/cppros2_projects/avoid_obstacle/src/find_way.cpp:[m[K In constructor â€˜[01m[KObstacle_Avoidance::Obstacle_Avoidance()[m[Kâ€™:
[18.767s] [01m[K/home/automation/projec_ws/cppros2_projects/avoid_obstacle/src/find_way.cpp:47:78:[m[K [01;31m[Kerror: [m[Kâ€˜[01m[KFloate32[m[Kâ€™ is not a member of â€˜[01m[Kstd_msgs::msg[m[Kâ€™; did you mean â€˜[01m[KFloat32[m[Kâ€™?
[18.771s]    47 |       left_distance_subscription_ = this->create_subscription<std_msgs::msg::[01;31m[KFloate32[m[K>(
[18.771s]       |                                                                              [01;31m[K^~~~~~~~[m[K
[18.772s]       |                                                                              [32m[KFloat32[m[K
[18.772s] [01m[K/home/automation/projec_ws/cppros2_projects/avoid_obstacle/src/find_way.cpp:47:87:[m[K [01;31m[Kerror: [m[Kno matching function for call to â€˜[01m[KObstacle_Avoidance::create_subscription<<expression error> >(const char [14], int, std::_Bind_helper<false, void (Obstacle_Avoidance::*)(const std_msgs::msg::Float32_<std::allocator<void> >&) const, Obstacle_Avoidance*, const std::_Placeholder<1>&>::type)[m[Kâ€™
[18.773s]    47 |       left_distance_subscription_ = [01;31m[Kthis->create_subscription<std_msgs::msg::Floate32>([m[K
[18.773s]       |                                     [01;31m[K~~~~~~~~~~~~~~~~~~~~~~~~~~~~~~~~~~~~~~~~~~~~~~~~~~^[m[K
[18.775s]    48 | [01;31m[K      "left_distance", 10, std::bind(&Obstacle_Avoidance::left_distance_callback, this, _1))[m[K;
[18.775s]       |       [01;31m[K~~~~~~~~~~~~~~~~~~~~~~~~~~~~~~~~~~~~~~~~~~~~~~~~~~~~~~~~~~~~~~~~~~~~~~~~~~~~~~~~~~~~~~[m[K
[18.776s] In file included from [01m[K/opt/ros/humble/include/rclcpp/rclcpp/node.hpp:1321[m[K,
[18.777s]                  from [01m[K/opt/ros/humble/include/rclcpp/rclcpp/executors/single_threaded_executor.hpp:28[m[K,
[18.777s]                  from [01m[K/opt/ros/humble/include/rclcpp/rclcpp/executors.hpp:22[m[K,
[18.778s]                  from [01m[K/opt/ros/humble/include/rclcpp/rclcpp/rclcpp.hpp:155[m[K,
[18.778s]                  from [01m[K/home/automation/projec_ws/cppros2_projects/avoid_obstacle/src/find_way.cpp:6[m[K:
[18.778s] [01m[K/opt/ros/humble/include/rclcpp/rclcpp/node_impl.hpp:92:1:[m[K [01;36m[Knote: [m[Kcandidate: â€˜[01m[Ktemplate<class MessageT, class CallbackT, class AllocatorT, class SubscriptionT, class MessageMemoryStrategyT> std::shared_ptr<ROSMessageT> rclcpp::Node::create_subscription(const string&, const rclcpp::QoS&, CallbackT&&, const rclcpp::SubscriptionOptionsWithAllocator<AllocatorT>&, typename MessageMemoryStrategyT::SharedPtr)[m[Kâ€™
[18.779s]    92 | [01;36m[KNode[m[K::create_subscription(
[18.779s]       | [01;36m[K^~~~[m[K
[18.779s] [01m[K/opt/ros/humble/include/rclcpp/rclcpp/node_impl.hpp:92:1:[m[K [01;36m[Knote: [m[K  template argument deduction/substitution failed:
[18.781s] [01m[K/home/automation/projec_ws/cppros2_projects/avoid_obstacle/src/find_way.cpp:47:87:[m[K [01;31m[Kerror: [m[Ktemplate argument 1 is invalid
[18.781s]    47 |       left_distance_subscription_ = [01;31m[Kthis->create_subscription<std_msgs::msg::Floate32>([m[K
[18.782s]       |                                     [01;31m[K~~~~~~~~~~~~~~~~~~~~~~~~~~~~~~~~~~~~~~~~~~~~~~~~~~^[m[K
[18.782s]    48 | [01;31m[K      "left_distance", 10, std::bind(&Obstacle_Avoidance::left_distance_callback, this, _1))[m[K;
[18.783s]       |       [01;31m[K~~~~~~~~~~~~~~~~~~~~~~~~~~~~~~~~~~~~~~~~~~~~~~~~~~~~~~~~~~~~~~~~~~~~~~~~~~~~~~~~~~~~~~[m[K
[39.964s] gmake[2]: *** [CMakeFiles/find_way.dir/build.make:76: CMakeFiles/find_way.dir/src/find_way.cpp.o] Error 1
[39.982s] gmake[1]: *** [CMakeFiles/Makefile2:137: CMakeFiles/find_way.dir/all] Error 2
[39.982s] gmake: *** [Makefile:146: all] Error 2
[40.392s] Invoked command in '/home/automation/projec_ws/cppros2_projects/avoid_obstacle/build/avoid_obstacle' returned '2': CMAKE_PREFIX_PATH=${CMAKE_PREFIX_PATH}:/home/automation/projec_ws/ros2Projects/install/ros2_teleop_keyboard:/home/automation/projec_ws/ros2Projects/install/obstacle_avoidance:/home/automation/projec_ws/ros2Projects/install/blink_publisher:/home/automation/projec_ws/ros2Projects/install/WirelessRangeEstimator:/opt/ros/humble /usr/bin/cmake --build /home/automation/projec_ws/cppros2_projects/avoid_obstacle/build/avoid_obstacle -- -j2 -l2
